v2.0 raw
4344a
180c00
3a00
10000c
180
14
1c8200
180
240a00
180
4201
2
800002
400002
0
0
4344a
c00
3a00
10000c
180
14
1c8200
180
240a00
180
4201
2
800002
400002
0
0
4344a
2c0c00
3a00
10000c
180
14
1c8200
180
240a00
180
4201
2
800002
400002
0
0
4344a
300c00
3a00
10000c
180
14
1c8200
180
240a00
180
4201
2
800002
400002
0
0
4344a
280c00
3a00
10000c
180
14
1c8200
180
240a00
180
4201
2
800002
400002
0
0
4344a
c00
3a00
10000c
180
14
1c8200
180
240a00
180
4201
2
800002
400002
0
0
4344a
c00
3a00
10000c
180
14
1c8200
180
240a00
180
4201
2
800002
400002
0
0
4344a
c00
3a00
10000c
180
14
1c8200
180
240a00
180
4201
2
800002
400002
0
0
4344a
200c00
3a00
10000c
180
14
1c8200
180
240a00
180
4201
2
800002
400002
0
0
4344a
c00
3a00
10000c
180
14
1c8200
180
240a00
180
4201
2
800002
400002
0
0
4344a
c00
3a00
10000c
180
14
1c8200
180
240a00
180
4201
2
800002
400002
0
0
4344a
c00
3a00
10000c
180
14
1c8200
180
240a00
180
4201
2
800002
400002
0
0
4344a
200c00
3a00
10000c
180
14
1c8200
180
240a00
180
4201
2
800002
400002
0
0
4344a
200c00
3a00
10000c
180
14
1c8200
180
240a00
180
4201
2
800002
400002
0
0
4344a
c00
3a00
10000c
180
14
1c8200
180
240a00
180
4201
2
800002
400002
0
0
4344a
c00
3a00
10000c
180
14
1c8200
180
240a00
180
4201
2
800002
400002
0
0
4344a
c00
3a00
10000c
180
14
1c8200
180
240a00
180
4201
2
800002
400002
0
0
4344a
c00
3a00
10000c
180
14
1c8200
180
240a00
180
4201
2
800002
400002
0
0
4344a
c00
3a00
10000c
180
14
1c8200
180
240a00
180
4201
2
800002
400002
0
0
4344a
c00
3a00
10000c
180
14
1c8200
180
240a00
180
4201
2
800002
400002
0
0
4344a
c00
3a00
10000c
180
14
1c8200
180
240a00
180
4201
2
800002
400002
0
0
4344a
c00
3a00
10000c
180
14
1c8200
180
240a00
180
4201
2
800002
400002
0
0
4344a
c00
3a00
10000c
180
14
1c8200
180
240a00
180
4201
2
800002
400002
0
0
4344a
c00
3a00
10000c
180
14
1c8200
180
240a00
180
4201
2
800002
400002
0
0
4344a
c00
3a00
10000c
180
14
1c8200
180
240a00
180
4201
2
800002
400002
0
0
4344a
c00
3a00
10000c
180
14
1c8200
180
240a00
180
4201
2
800002
400002
0
0
4344a
c00
3a00
10000c
180
14
1c8200
180
240a00
180
4201
2
800002
400002
0
0
4344a
c00
3a00
10000c
180
14
1c8200
180
240a00
180
4201
2
800002
400002
0
0
4344a
c00
3a00
10000c
180
14
1c8200
180
240a00
180
4201
2
800002
400002
0
0
4344a
c00
3a00
10000c
180
14
1c8200
180
240a00
180
4201
2
800002
400002
0
0
4344a
c00
3a00
10000c
180
14
1c8200
180
240a00
180
4201
2
800002
400002
0
0
4344a
c00
3a00
10000c
180
14
1c8200
180
240a00
180
4201
2
800002
400002
0
0
4344a
c00
3a00
10000c
180
14
1c8200
180
240a00
180
4201
2
800002
400002
0
0
4344a
c00
3a00
10000c
180
14
1c8200
180
240a00
180
4201
2
800002
400002
0
0
4344a
c00
3a00
10000c
180
14
1c8200
180
240a00
180
4201
2
800002
400002
0
0
4344a
80c00
c3a00
10000c
180
14
1c8200
180
240a00
180
4201
2
800002
400002
0
0
4344a
c00
3a00
10000c
180
14
1c8200
180
240a00
180
4201
2
800002
400002
0
0
4344a
c00
3a00
10000c
180
14
1c8200
180
240a00
180
4201
2
800002
400002
0
0
4344a
c00
3a00
10000c
180
14
1c8200
180
240a00
180
4201
2
800002
400002
0
0
4344a
c00
3a00
10000c
180
14
1c8200
180
240a00
180
4201
2
800002
400002
0
0
4344a
c00
3a00
10000c
180
14
1c8200
180
240a00
180
4201
2
800002
400002
0
0
4344a
c00
3a00
10000c
180
14
1c8200
180
240a00
180
4201
2
800002
400002
0
0
4344a
c00
3a00
10000c
180
14
1c8200
180
240a00
180
4201
2
800002
400002
0
0
4344a
80c00
143a00
10000c
180
14
1c8200
180
240a00
180
4201
2
800002
400002
0
0
4344a
c00
3a00
10000c
180
14
1c8200
180
240a00
180
4201
2
800002
400002
0
0
4344a
c00
3a00
10000c
180
14
1c8200
180
240a00
180
4201
2
800002
400002
0
0
4344a
c00
3a00
10000c
180
14
1c8200
180
240a00
180
4201
2
800002
400002
0
0
4344a
c00
3a00
10000c
180
14
1c8200
180
240a00
180
4201
2
800002
400002
0
0
4344a
c00
3a00
10000c
180
14
1c8200
180
240a00
180
4201
2
800002
400002
0
0
4344a
c00
3a00
10000c
180
14
1c8200
180
240a00
180
4201
2
800002
400002
0
0
4344a
c00
3a00
10000c
180
14
1c8200
180
240a00
180
4201
2
800002
400002
0
0
4344a
c00
3a00
10000c
180
14
1c8200
180
240a00
180
4201
2
800002
400002
0
0
4344a
c00
3a00
10000c
180
14
1c8200
180
240a00
180
4201
2
800002
400002
0
0
4344a
c00
3a00
10000c
180
14
1c8200
180
240a00
180
4201
2
800002
400002
0
0
4344a
c00
3a00
10000c
180
14
1c8200
180
240a00
180
4201
2
800002
400002
0
0
4344a
c00
3a00
10000c
180
14
1c8200
180
240a00
180
4201
2
800002
400002
0
0
4344a
c00
3a00
10000c
180
14
1c8200
180
240a00
180
4201
2
800002
400002
0
0
4344a
c00
3a00
10000c
180
14
1c8200
180
240a00
180
4201
2
800002
400002
0
0
4344a
c00
3a00
10000c
180
14
1c8200
180
240a00
180
4201
2
800002
400002
0
0
4344a
c00
3a00
10000c
180
14
1c8200
180
240a00
180
4201
2
800002
400002
0
0
4344a
c00
3a00
10000c
180
14
1c8200
180
240a00
180
4201
2
800002
400002
0
0
4344a
c00
3a00
10000c
180
14
1c8200
180
240a00
180
4201
2
800002
400002
0
0
4344a
c00
3a00
10000c
180
14
1c8200
180
240a00
180
4201
2
800002
400002
0
0
4344a
c00
3a00
10000c
180
14
1c8200
180
240a00
180
4201
2
800002
400002
0
0
